2022-08-23 11:04:58,257 - 34 - INFO     - reading from src: data/geojson_iplan
2022-08-23 11:04:58,257 - 38 - INFO     - no of files: 19
2022-08-23 11:04:58,257 - 48 - INFO     - 1) padang_sera_A_357
2022-08-23 11:04:58,266 - 48 - INFO     - 2) padang_kabu_A_518
2022-08-23 11:04:58,267 - 48 - INFO     - 3) kodiang_A_1034
2022-08-23 11:04:58,268 - 48 - INFO     - 4) padang_sera_A_449
2022-08-23 11:04:58,270 - 48 - INFO     - 5) kandis_A_1163
2022-08-23 11:04:58,271 - 48 - INFO     - 6) melele_A_181
2022-08-23 11:04:58,272 - 48 - INFO     - 7) siputeh_A_3097
2022-08-23 11:04:58,274 - 48 - INFO     - 8) melele_A_231
2022-08-23 11:04:58,275 - 48 - INFO     - 9) kodiang_A_214
2022-08-23 11:04:58,276 - 48 - INFO     - 10) padang_sera_A_448
2022-08-23 11:04:58,277 - 48 - INFO     - 11) padang_kabu_A_3119
2022-08-23 11:04:58,278 - 48 - INFO     - 12) kandis_A_1053
2022-08-23 11:04:58,280 - 48 - INFO     - 13) padang_kabu_A_4218
2022-08-23 11:04:58,281 - 48 - INFO     - 14) kandis_A_339
2022-08-23 11:04:58,282 - 48 - INFO     - 15) melele_A_229
2022-08-23 11:04:58,283 - 48 - INFO     - 16) siputeh_A_2922
2022-08-23 11:04:58,285 - 48 - INFO     - 17) padang_kabu_A_526
2022-08-23 11:04:58,286 - 48 - INFO     - 18) kodiang_A_929
2022-08-23 11:04:58,287 - 48 - INFO     - 19) bukit_hantu_A_2820
2022-08-23 11:04:58,289 - 70 - INFO     - overall execution time -> 0.031793s
